[Thu Feb 12 2015 16:45:42 GMT-0500 (Est)] INFO GenerateNode: from Parser form-element Node: website/archvis/app/views/partials/controle.html::button>1
[Thu Feb 12 2015 16:45:42 GMT-0500 (Est)] INFO GenerateNode: from Parser form-element Node: website/archvis/app/views/partials/controle.html::button>2
[Thu Feb 12 2015 16:45:42 GMT-0500 (Est)] INFO GenerateNode: from Parser form-element Node: website/archvis/app/views/partials/controle.html::button>3
[Thu Feb 12 2015 16:45:42 GMT-0500 (Est)] INFO GenerateNode: from Parser form-element Node: website/archvis/app/views/partials/controle.html::button>4
[Thu Feb 12 2015 16:45:42 GMT-0500 (Est)] INFO GenerateNode: from Parser form-element Node: website/archvis/app/views/partials/controle.html::button>5
[Thu Feb 12 2015 16:45:42 GMT-0500 (Est)] INFO GenerateNode: from Parser form-element Node: website/archvis/app/views/partials/controle.html::button>6
[Thu Feb 12 2015 16:45:42 GMT-0500 (Est)] INFO GenerateNode: from Parser form-element Node: website/archvis/app/views/partials/controle.html::button>7
[Thu Feb 12 2015 16:45:42 GMT-0500 (Est)] INFO GenerateNode: from Parser form-element Node: website/archvis/app/views/partials/controle.html::button>8
[Thu Feb 12 2015 16:45:42 GMT-0500 (Est)] INFO GenerateNode: from Parser form-element Node: website/archvis/app/views/partials/controle.html::button>9
[Thu Feb 12 2015 16:45:42 GMT-0500 (Est)] INFO GenerateNode: from Parser form-element Node: website/archvis/app/views/partials/controle.html::button>10
[Thu Feb 12 2015 16:45:42 GMT-0500 (Est)] INFO GenerateNode: from Parser form-element Node: website/archvis/app/views/partials/controle.html::button>11
[Thu Feb 12 2015 16:45:42 GMT-0500 (Est)] INFO GenerateNode: from Parser form-element Node: website/archvis/app/views/partials/controle.html::button>12
[Thu Feb 12 2015 16:45:42 GMT-0500 (Est)] INFO GenerateNode: from Parser form-element Node: website/archvis/app/views/partials/controle.html::button>13
[Thu Feb 12 2015 16:45:42 GMT-0500 (Est)] INFO GenerateNode: from Parser form-element Node: website/archvis/app/views/partials/controle.html::button>14
[Thu Feb 12 2015 16:45:42 GMT-0500 (Est)] INFO GenerateNode: from Parser aLink Node: website/archvis/app/views/partials/controle.html::#
[Thu Feb 12 2015 16:45:42 GMT-0500 (Est)] INFO GenerateNode: from Parser aLink Node: website/archvis/app/views/partials/controle.html::#
[Thu Feb 12 2015 16:45:42 GMT-0500 (Est)] INFO GenerateNode: from Parser aLink Node: website/archvis/app/views/partials/controle.html::#
[Thu Feb 12 2015 16:45:42 GMT-0500 (Est)] INFO GenerateNode: from Parser aLink Node: website/archvis/app/views/partials/controle.html::#
[Thu Feb 12 2015 16:45:42 GMT-0500 (Est)] INFO GenerateNode: from Parser aLink Node: website/archvis/app/views/partials/controle.html::#
[Thu Feb 12 2015 16:45:42 GMT-0500 (Est)] INFO GenerateNode: from Parser aLink Node: website/archvis/app/views/partials/controle.html::#
[Thu Feb 12 2015 16:45:42 GMT-0500 (Est)] INFO GenerateNode: from Parser form-element Node: website/archvis/app/views/partials/controle.html::checkboxLiensDetails
[Thu Feb 12 2015 16:45:42 GMT-0500 (Est)] INFO GenerateNode: from Parser markup2 Node: website/archvis/app/index.html::style>1
[Thu Feb 12 2015 16:45:42 GMT-0500 (Est)] INFO GenerateNode: from Parser markup3 Node: http://fonts.googleapis.com/css?family=Oswald
[Thu Feb 12 2015 16:45:42 GMT-0500 (Est)] INFO GenerateNode: from Parser markup3 Node: website/archvis/app/bower_components/jquery-ui/themes/base/jquery-ui.css
[Thu Feb 12 2015 16:45:42 GMT-0500 (Est)] INFO GenerateNode: from Parser markup3 Node: website/archvis/app/bower_components/fancytree/dist/skin-win8/ui.fancytree.min.css
[Thu Feb 12 2015 16:45:42 GMT-0500 (Est)] INFO GenerateNode: from Parser markup1 Node: website/archvis/app/bower_components/jquery/dist/jquery.min.js
[Thu Feb 12 2015 16:45:42 GMT-0500 (Est)] INFO GenerateNode: from Parser markup1 Node: website/archvis/app/bower_components/datatables/media/js/jquery.dataTables.js
[Thu Feb 12 2015 16:45:42 GMT-0500 (Est)] INFO GenerateNode: from Parser markup1 Node: website/archvis/app/bower_components/datatables-fixedcolumns/js/dataTables.fixedColumns.js
[Thu Feb 12 2015 16:45:42 GMT-0500 (Est)] INFO GenerateNode: from Parser markup1 Node: website/archvis/app/bower_components/jquery-ui/ui/minified/jquery-ui.min.js
[Thu Feb 12 2015 16:45:42 GMT-0500 (Est)] INFO GenerateNode: from Parser markup1 Node: website/archvis/app/bower_components/bootstrap/dist/js/bootstrap.min.js
[Thu Feb 12 2015 16:45:42 GMT-0500 (Est)] INFO GenerateNode: from Parser markup1 Node: website/archvis/app/bower_components/d3/d3.min.js
[Thu Feb 12 2015 16:45:42 GMT-0500 (Est)] INFO GenerateNode: from Parser markup1 Node: website/archvis/app/bower_components/jquery.layout/dist/jquery.layout-latest.min.js
[Thu Feb 12 2015 16:45:42 GMT-0500 (Est)] INFO GenerateNode: from Parser markup1 Node: website/archvis/app/bower_components/underscore/underscore.js
[Thu Feb 12 2015 16:45:42 GMT-0500 (Est)] INFO GenerateNode: from Parser markup1 Node: website/archvis/app/bower_components/fancytree/dist/jquery.fancytree-all.js
[Thu Feb 12 2015 16:45:42 GMT-0500 (Est)] INFO GenerateNode: from Parser markup1 Node: website/archvis/app/bower_components/iviewer/jquery.iviewer.js
[Thu Feb 12 2015 16:45:42 GMT-0500 (Est)] INFO GenerateNode: from Parser markup1 Node: website/archvis/app/bower_components/async/lib/async.js
[Thu Feb 12 2015 16:45:42 GMT-0500 (Est)] INFO GenerateNode: from Parser markup1 Node: website/archvis/app/bower_components/hammer.js/hammer.min.js
[Thu Feb 12 2015 16:45:42 GMT-0500 (Est)] INFO GenerateNode: from Parser markup1 Node: website/archvis/app/bower_components/nedb/browser-version/out/nedb.min.js
[Thu Feb 12 2015 16:45:42 GMT-0500 (Est)] INFO GenerateNode: from Parser markup1 Node: website/archvis/app/bower_components/metisMenu/dist/jquery.metisMenu.js
[Thu Feb 12 2015 16:45:42 GMT-0500 (Est)] INFO GenerateNode: from Parser markup1 Node: website/archvis/app/scripts/controllers/main.js
[Thu Feb 12 2015 16:45:42 GMT-0500 (Est)] INFO GenerateNode: from Parser markup1 Node: website/archvis/app/scripts/routes.js
[Thu Feb 12 2015 16:45:42 GMT-0500 (Est)] INFO GenerateNode: from Parser markup1 Node: website/archvis/app/scripts/wheelzoom.js
[Thu Feb 12 2015 16:45:42 GMT-0500 (Est)] INFO GenerateNode: from Parser markup1 Node: website/archvis/app/bower_components/codemirror/lib/codemirror.js
[Thu Feb 12 2015 16:45:42 GMT-0500 (Est)] INFO GenerateNode: from Parser markup3 Node: website/archvis/app/bower_components/codemirror/lib/codemirror.css
[Thu Feb 12 2015 16:45:42 GMT-0500 (Est)] INFO GenerateNode: from Parser markup1 Node: website/archvis/app/bower_components/codemirror/mode/javascript/javascript.js
[Thu Feb 12 2015 16:45:42 GMT-0500 (Est)] INFO GenerateNode: from Parser markup1 Node: website/archvis/app/bower_components/codemirror/mode/css/css.js
[Thu Feb 12 2015 16:45:42 GMT-0500 (Est)] INFO GenerateNode: from Parser markup3 Node: website/archvis/app/bower_components/datatables/media/css/jquery.dataTables.css
[Thu Feb 12 2015 16:45:42 GMT-0500 (Est)] INFO GenerateNode: from Parser markup3 Node: website/archvis/app/bower_components/datatables-fixedcolumns/css/dataTables.fixedColumns.css
[Thu Feb 12 2015 16:45:42 GMT-0500 (Est)] INFO GenerateNode: from Parser markup3 Node: website/archvis/app/bower_components/jquery.layout/dist/layout-default-latest.css
[Thu Feb 12 2015 16:45:42 GMT-0500 (Est)] INFO GenerateNode: from Parser markup3 Node: website/archvis/app/bower_components/bootstrap/dist/css/bootstrap.min.css
[Thu Feb 12 2015 16:45:42 GMT-0500 (Est)] INFO GenerateNode: from Parser markup3 Node: website/archvis/app/bower_components/bootstrap/dist/css/bootstrap-theme.min.css
[Thu Feb 12 2015 16:45:42 GMT-0500 (Est)] INFO GenerateNode: from Parser markup3 Node: website/archvis/app/bower_components/iviewer/jquery.iviewer.css
[Thu Feb 12 2015 16:45:42 GMT-0500 (Est)] INFO GenerateNode: from Parser markup3 Node: website/archvis/app/bower_components/metisMenu/dist/jquery.metisMenu.css
[Thu Feb 12 2015 16:45:42 GMT-0500 (Est)] INFO GenerateNode: from Parser markup3 Node: website/archvis/app/bower_components/fontawesome/css/font-awesome.min.css
[Thu Feb 12 2015 16:45:42 GMT-0500 (Est)] INFO GenerateNode: from Parser markup3 Node: http://fonts.googleapis.com/css?family=Lobster
[Thu Feb 12 2015 16:45:42 GMT-0500 (Est)] INFO GenerateNode: from Parser markup3 Node: website/archvis/app/styles/bootstrap-theme.css
[Thu Feb 12 2015 16:45:42 GMT-0500 (Est)] INFO GenerateNode: from Parser markup3 Node: website/archvis/app/styles/main.css
[Thu Feb 12 2015 16:45:42 GMT-0500 (Est)] INFO GenerateNode: from Parser markup3 Node: website/archvis/app/styles/menu.css
[Thu Feb 12 2015 16:45:42 GMT-0500 (Est)] INFO GenerateNode: from Parser html-element1 Node: website/archvis/app/images/logo.png
[Thu Feb 12 2015 16:45:42 GMT-0500 (Est)] INFO GenerateNode: from Parser form Node: website/archvis/app/index.html::form>1
[Thu Feb 12 2015 16:45:42 GMT-0500 (Est)] INFO GenerateNode: from Parser form-element Node: website/archvis/app/index.html::btn-pause
[Thu Feb 12 2015 16:45:42 GMT-0500 (Est)] INFO GenerateNode: from Parser form-element Node: website/archvis/app/index.html::btn-play
[Thu Feb 12 2015 16:45:42 GMT-0500 (Est)] INFO GenerateNode: from Parser aLink Node: website/archvis/app/
[Thu Feb 12 2015 16:45:42 GMT-0500 (Est)] INFO GenerateNode: from Parser aLink Node: website/archvis/app/index.html::#
[Thu Feb 12 2015 16:45:42 GMT-0500 (Est)] INFO GenerateNode: from Parser aLink Node: website/archvis/app/index.html::#classDiagram
[Thu Feb 12 2015 16:45:42 GMT-0500 (Est)] INFO GenerateNode: from Parser aLink Node: website/archvis/app/index.html::#
[Thu Feb 12 2015 16:45:42 GMT-0500 (Est)] INFO GenerateNode: from Parser aLink Node: website/archvis/app/index.html::#
[Thu Feb 12 2015 16:45:42 GMT-0500 (Est)] INFO GenerateNode: from Parser aLink Node: website/archvis/app/index.html::#
[Thu Feb 12 2015 16:45:42 GMT-0500 (Est)] INFO GenerateNode: from Parser aLink Node: website/archvis/app/index.html::#
[Thu Feb 12 2015 16:45:42 GMT-0500 (Est)] INFO GenerateNode: from Parser form-element Node: website/archvis/app/index.html::checkboxLiensDetails
[Thu Feb 12 2015 16:45:42 GMT-0500 (Est)] INFO GenerateNode: from Parser aLink Node: website/archvis/app/index.html::#
[Thu Feb 12 2015 16:45:42 GMT-0500 (Est)] INFO GenerateNode: from Parser aLink Node: website/archvis/app/index.html::#
[Thu Feb 12 2015 16:45:42 GMT-0500 (Est)] INFO GenerateNode: from Parser form-element Node: website/archvis/app/index.html::groupFilter
[Thu Feb 12 2015 16:45:42 GMT-0500 (Est)] INFO GenerateNode: from Parser form-element Node: website/archvis/app/index.html::buttonFilter
[Thu Feb 12 2015 16:45:42 GMT-0500 (Est)] INFO GenerateNode: from Parser form-element Node: website/archvis/app/index.html::buttonFilterNoRel
[Thu Feb 12 2015 16:45:42 GMT-0500 (Est)] INFO GenerateNode: from Parser form-element Node: website/archvis/app/index.html::buttonFilterWithRel
[Thu Feb 12 2015 16:45:42 GMT-0500 (Est)] INFO GenerateNode: from Parser form-element Node: website/archvis/app/index.html::buttonFilterReset
[Thu Feb 12 2015 16:45:42 GMT-0500 (Est)] INFO GenerateNode: from Parser aLink Node: website/archvis/app/index.html::#
[Thu Feb 12 2015 16:45:42 GMT-0500 (Est)] INFO GenerateNode: from Parser aLink Node: website/archvis/app/index.html::#
[Thu Feb 12 2015 16:45:43 GMT-0500 (Est)] INFO GenerateNode: from Parser form Node: website/archvis/app/index.html::form>2
[Thu Feb 12 2015 16:45:43 GMT-0500 (Est)] INFO GenerateNode: from Parser aLink Node: website/archvis/app/index.html::#
[Thu Feb 12 2015 16:45:43 GMT-0500 (Est)] INFO GenerateNode: from Parser aLink Node: website/archvis/app/index.html::#
[Thu Feb 12 2015 16:45:43 GMT-0500 (Est)] INFO GenerateNode: from Parser aLink Node: website/archvis/app/
[Thu Feb 12 2015 16:45:43 GMT-0500 (Est)] INFO GenerateNode: from Parser markup2 Node: website/archvis/app/views/404.html::style>2
[Thu Feb 12 2015 16:45:43 GMT-0500 (Est)] INFO GenerateNode: from Parser markup1 Node: website/archvis/app/views/404.html::script>1
[Thu Feb 12 2015 16:45:43 GMT-0500 (Est)] INFO GenerateNode: from Parser markup1 Node: website/archvis/app/views/linkhelp.clients.google.com/tbproxy/lh/wm/fixurl.js
[Thu Feb 12 2015 16:45:43 GMT-0500 (Est)] INFO GenerateNode: from Parser aLink Node: website/archvis/app/index.html::#::a>1
[Thu Feb 12 2015 16:45:43 GMT-0500 (Est)] INFO GenerateNode: from Parser aLink Node: data/classDiagram.pdf
[Thu Feb 12 2015 16:45:43 GMT-0500 (Est)] INFO GenerateNode: from Parser aLink Node: data/classDiagram.svg
[Thu Feb 12 2015 16:45:43 GMT-0500 (Est)] INFO GenerateNode: from Parser aLink Node: data/tableau.json
[Thu Feb 12 2015 16:45:43 GMT-0500 (Est)] INFO GenerateNode: from Parser aLink Node: data/graphe.json
[Thu Feb 12 2015 16:45:43 GMT-0500 (Est)] INFO GenerateNode: from Parser aLink Node: data/arbre.json
[Thu Feb 12 2015 16:45:43 GMT-0500 (Est)] INFO GenerateNode: from Parser form-element Node: website/archvis/app/index.html::form>1::srch-term
[Thu Feb 12 2015 16:45:43 GMT-0500 (Est)] INFO GenerateNode: from Parser form-element Node: website/archvis/app/index.html::form>1::button>15
